0 info it worked if it ends with ok
1 verbose cli [ 'C:\\Program Files\\nodejs\\node.exe',
1 verbose cli   'C:\\Program Files\\nodejs\\node_modules\\npm\\bin\\npm-cli.js',
1 verbose cli   'uninstall',
1 verbose cli   'react-addons-pure-render-mixin' ]
2 info using npm@3.10.10
3 info using node@v6.11.1
4 silly loadCurrentTree Starting
5 silly install loadCurrentTree
6 silly install readLocalPackageData
7 silly install normalizeTree
8 silly loadCurrentTree Finishing
9 silly loadIdealTree Starting
10 silly install loadIdealTree
11 silly cloneCurrentTree Starting
12 silly install cloneCurrentTreeToIdealTree
13 silly cloneCurrentTree Finishing
14 silly loadShrinkwrap Starting
15 silly install loadShrinkwrap
16 silly loadShrinkwrap Finishing
17 silly loadAllDepsIntoIdealTree Starting
18 silly uninstall loadAllDepsIntoIdealtree
19 silly loadAllDepsIntoIdealTree Finishing
20 silly loadIdealTree Finishing
21 silly currentTree shorten_my_link@
21 silly currentTree +-- @babel/runtime@7.0.0-beta.40
21 silly currentTree +-- asap@2.0.6
21 silly currentTree +-- core-js@2.5.3
21 silly currentTree +-- create-react-class@15.6.3
21 silly currentTree +-- encoding@0.1.12
21 silly currentTree +-- fbjs@0.8.16
21 silly currentTree | `-- core-js@1.2.7
21 silly currentTree +-- iconv-lite@0.4.19
21 silly currentTree +-- is-stream@1.1.0
21 silly currentTree +-- isomorphic-fetch@2.2.1
21 silly currentTree +-- js-tokens@3.0.2
21 silly currentTree +-- loose-envify@1.3.1
21 silly currentTree +-- meteor-node-stubs@0.3.3
21 silly currentTree | +-- asn1.js@4.10.1
21 silly currentTree | +-- assert@1.4.1
21 silly currentTree | +-- balanced-match@1.0.0
21 silly currentTree | +-- base64-js@1.2.3
21 silly currentTree | +-- bn.js@4.11.8
21 silly currentTree | +-- brace-expansion@1.1.11
21 silly currentTree | +-- brorand@1.1.0
21 silly currentTree | +-- browserify-aes@1.1.1
21 silly currentTree | +-- browserify-cipher@1.0.0
21 silly currentTree | +-- browserify-des@1.0.0
21 silly currentTree | +-- browserify-rsa@4.0.1
21 silly currentTree | +-- browserify-sign@4.0.4
21 silly currentTree | +-- browserify-zlib@0.1.4
21 silly currentTree | +-- buffer-xor@1.0.3
21 silly currentTree | +-- buffer@4.9.1
21 silly currentTree | +-- builtin-status-codes@3.0.0
21 silly currentTree | +-- cipher-base@1.0.4
21 silly currentTree | +-- concat-map@0.0.1
21 silly currentTree | +-- console-browserify@1.1.0
21 silly currentTree | +-- constants-browserify@1.0.0
21 silly currentTree | +-- create-ecdh@4.0.0
21 silly currentTree | +-- create-hash@1.1.3
21 silly currentTree | +-- create-hmac@1.1.6
21 silly currentTree | +-- crypto-browserify@3.12.0
21 silly currentTree | +-- date-now@0.1.4
21 silly currentTree | +-- des.js@1.0.0
21 silly currentTree | +-- diffie-hellman@5.0.2
21 silly currentTree | +-- domain-browser@1.2.0
21 silly currentTree | +-- elliptic@6.4.0
21 silly currentTree | +-- events@1.1.1
21 silly currentTree | +-- evp_bytestokey@1.0.3
21 silly currentTree | +-- fs.realpath@1.0.0
21 silly currentTree | +-- glob@7.1.2
21 silly currentTree | +-- hash-base@2.0.2
21 silly currentTree | +-- hash.js@1.1.3
21 silly currentTree | | `-- inherits@2.0.3
21 silly currentTree | +-- hmac-drbg@1.0.1
21 silly currentTree | +-- https-browserify@0.0.1
21 silly currentTree | +-- ieee754@1.1.8
21 silly currentTree | +-- indexof@0.0.1
21 silly currentTree | +-- inflight@1.0.6
21 silly currentTree | +-- inherits@2.0.1
21 silly currentTree | +-- isarray@1.0.0
21 silly currentTree | +-- md5.js@1.3.4
21 silly currentTree | | `-- hash-base@3.0.4
21 silly currentTree | +-- miller-rabin@4.0.1
21 silly currentTree | +-- minimalistic-assert@1.0.0
21 silly currentTree | +-- minimalistic-crypto-utils@1.0.1
21 silly currentTree | +-- minimatch@3.0.4
21 silly currentTree | +-- once@1.4.0
21 silly currentTree | +-- os-browserify@0.2.1
21 silly currentTree | +-- pako@0.2.9
21 silly currentTree | +-- parse-asn1@5.1.0
21 silly currentTree | +-- path-browserify@0.0.0
21 silly currentTree | +-- path-is-absolute@1.0.1
21 silly currentTree | +-- pbkdf2@3.0.14
21 silly currentTree | +-- process-nextick-args@2.0.0
21 silly currentTree | +-- process@0.11.10
21 silly currentTree | +-- public-encrypt@4.0.0
21 silly currentTree | +-- punycode@1.4.1
21 silly currentTree | +-- querystring-es3@0.2.1
21 silly currentTree | +-- querystring@0.2.0
21 silly currentTree | +-- randombytes@2.0.6
21 silly currentTree | +-- randomfill@1.0.4
21 silly currentTree | +-- readable-stream@2.3.5
21 silly currentTree | | `-- inherits@2.0.3
21 silly currentTree | +-- rimraf@2.6.2
21 silly currentTree | +-- ripemd160@2.0.1
21 silly currentTree | +-- safe-buffer@5.1.1
21 silly currentTree | +-- sha.js@2.4.10
21 silly currentTree | +-- stream-browserify@2.0.1
21 silly currentTree | +-- stream-http@2.8.0
21 silly currentTree | +-- string_decoder@1.1.0
21 silly currentTree | +-- timers-browserify@1.4.2
21 silly currentTree | +-- to-arraybuffer@1.0.1
21 silly currentTree | +-- tty-browserify@0.0.0
21 silly currentTree | +-- url@0.11.0
21 silly currentTree | | `-- punycode@1.3.2
21 silly currentTree | +-- util-deprecate@1.0.2
21 silly currentTree | +-- util@0.10.3
21 silly currentTree | +-- vm-browserify@0.0.4
21 silly currentTree | +-- wrappy@1.0.2
21 silly currentTree | `-- xtend@4.0.1
21 silly currentTree +-- node-fetch@1.7.3
21 silly currentTree +-- object-assign@4.1.1
21 silly currentTree +-- promise@7.3.1
21 silly currentTree +-- prop-types@15.6.1
21 silly currentTree +-- react-addons-pure-render-mixin@15.6.2
21 silly currentTree +-- react-dom@16.2.0
21 silly currentTree +-- react-meteor-data@0.2.11
21 silly currentTree +-- react@16.2.0
21 silly currentTree +-- regenerator-runtime@0.11.1
21 silly currentTree +-- setimmediate@1.0.5
21 silly currentTree +-- ua-parser-js@0.7.17
21 silly currentTree +-- valid-url@1.0.9
21 silly currentTree `-- whatwg-fetch@2.0.3
22 silly idealTree shorten_my_link@
22 silly idealTree +-- @babel/runtime@7.0.0-beta.40
22 silly idealTree +-- asap@2.0.6
22 silly idealTree +-- core-js@2.5.3
22 silly idealTree +-- create-react-class@15.6.3
22 silly idealTree +-- encoding@0.1.12
22 silly idealTree +-- fbjs@0.8.16
22 silly idealTree | `-- core-js@1.2.7
22 silly idealTree +-- iconv-lite@0.4.19
22 silly idealTree +-- is-stream@1.1.0
22 silly idealTree +-- isomorphic-fetch@2.2.1
22 silly idealTree +-- js-tokens@3.0.2
22 silly idealTree +-- loose-envify@1.3.1
22 silly idealTree +-- meteor-node-stubs@0.3.3
22 silly idealTree | +-- asn1.js@4.10.1
22 silly idealTree | +-- assert@1.4.1
22 silly idealTree | +-- balanced-match@1.0.0
22 silly idealTree | +-- base64-js@1.2.3
22 silly idealTree | +-- bn.js@4.11.8
22 silly idealTree | +-- brace-expansion@1.1.11
22 silly idealTree | +-- brorand@1.1.0
22 silly idealTree | +-- browserify-aes@1.1.1
22 silly idealTree | +-- browserify-cipher@1.0.0
22 silly idealTree | +-- browserify-des@1.0.0
22 silly idealTree | +-- browserify-rsa@4.0.1
22 silly idealTree | +-- browserify-sign@4.0.4
22 silly idealTree | +-- browserify-zlib@0.1.4
22 silly idealTree | +-- buffer-xor@1.0.3
22 silly idealTree | +-- buffer@4.9.1
22 silly idealTree | +-- builtin-status-codes@3.0.0
22 silly idealTree | +-- cipher-base@1.0.4
22 silly idealTree | +-- concat-map@0.0.1
22 silly idealTree | +-- console-browserify@1.1.0
22 silly idealTree | +-- constants-browserify@1.0.0
22 silly idealTree | +-- create-ecdh@4.0.0
22 silly idealTree | +-- create-hash@1.1.3
22 silly idealTree | +-- create-hmac@1.1.6
22 silly idealTree | +-- crypto-browserify@3.12.0
22 silly idealTree | +-- date-now@0.1.4
22 silly idealTree | +-- des.js@1.0.0
22 silly idealTree | +-- diffie-hellman@5.0.2
22 silly idealTree | +-- domain-browser@1.2.0
22 silly idealTree | +-- elliptic@6.4.0
22 silly idealTree | +-- events@1.1.1
22 silly idealTree | +-- evp_bytestokey@1.0.3
22 silly idealTree | +-- fs.realpath@1.0.0
22 silly idealTree | +-- glob@7.1.2
22 silly idealTree | +-- hash-base@2.0.2
22 silly idealTree | +-- hash.js@1.1.3
22 silly idealTree | | `-- inherits@2.0.3
22 silly idealTree | +-- hmac-drbg@1.0.1
22 silly idealTree | +-- https-browserify@0.0.1
22 silly idealTree | +-- ieee754@1.1.8
22 silly idealTree | +-- indexof@0.0.1
22 silly idealTree | +-- inflight@1.0.6
22 silly idealTree | +-- inherits@2.0.1
22 silly idealTree | +-- isarray@1.0.0
22 silly idealTree | +-- md5.js@1.3.4
22 silly idealTree | | `-- hash-base@3.0.4
22 silly idealTree | +-- miller-rabin@4.0.1
22 silly idealTree | +-- minimalistic-assert@1.0.0
22 silly idealTree | +-- minimalistic-crypto-utils@1.0.1
22 silly idealTree | +-- minimatch@3.0.4
22 silly idealTree | +-- once@1.4.0
22 silly idealTree | +-- os-browserify@0.2.1
22 silly idealTree | +-- pako@0.2.9
22 silly idealTree | +-- parse-asn1@5.1.0
22 silly idealTree | +-- path-browserify@0.0.0
22 silly idealTree | +-- path-is-absolute@1.0.1
22 silly idealTree | +-- pbkdf2@3.0.14
22 silly idealTree | +-- process-nextick-args@2.0.0
22 silly idealTree | +-- process@0.11.10
22 silly idealTree | +-- public-encrypt@4.0.0
22 silly idealTree | +-- punycode@1.4.1
22 silly idealTree | +-- querystring-es3@0.2.1
22 silly idealTree | +-- querystring@0.2.0
22 silly idealTree | +-- randombytes@2.0.6
22 silly idealTree | +-- randomfill@1.0.4
22 silly idealTree | +-- readable-stream@2.3.5
22 silly idealTree | | `-- inherits@2.0.3
22 silly idealTree | +-- rimraf@2.6.2
22 silly idealTree | +-- ripemd160@2.0.1
22 silly idealTree | +-- safe-buffer@5.1.1
22 silly idealTree | +-- sha.js@2.4.10
22 silly idealTree | +-- stream-browserify@2.0.1
22 silly idealTree | +-- stream-http@2.8.0
22 silly idealTree | +-- string_decoder@1.1.0
22 silly idealTree | +-- timers-browserify@1.4.2
22 silly idealTree | +-- to-arraybuffer@1.0.1
22 silly idealTree | +-- tty-browserify@0.0.0
22 silly idealTree | +-- url@0.11.0
22 silly idealTree | | `-- punycode@1.3.2
22 silly idealTree | +-- util-deprecate@1.0.2
22 silly idealTree | +-- util@0.10.3
22 silly idealTree | +-- vm-browserify@0.0.4
22 silly idealTree | +-- wrappy@1.0.2
22 silly idealTree | `-- xtend@4.0.1
22 silly idealTree +-- node-fetch@1.7.3
22 silly idealTree +-- object-assign@4.1.1
22 silly idealTree +-- promise@7.3.1
22 silly idealTree +-- prop-types@15.6.1
22 silly idealTree +-- react-dom@16.2.0
22 silly idealTree +-- react-meteor-data@0.2.11
22 silly idealTree +-- react@16.2.0
22 silly idealTree +-- regenerator-runtime@0.11.1
22 silly idealTree +-- setimmediate@1.0.5
22 silly idealTree +-- ua-parser-js@0.7.17
22 silly idealTree +-- valid-url@1.0.9
22 silly idealTree `-- whatwg-fetch@2.0.3
23 silly generateActionsToTake Starting
24 silly install generateActionsToTake
25 silly generateActionsToTake Finishing
26 silly diffTrees action count 1
27 silly diffTrees remove react-addons-pure-render-mixin@15.6.2
28 silly decomposeActions action count 1
29 silly decomposeActions remove react-addons-pure-render-mixin@15.6.2
30 silly runTopLevelLifecycles Starting
31 silly executeActions Starting
32 silly install executeActions
33 silly doSerial global-install 0
34 silly doParallel fetch 0
35 verbose correctMkdir C:\Users\Princ\AppData\Roaming\npm-cache\_locks correctMkdir not in flight; initializing
36 verbose lock using C:\Users\Princ\AppData\Roaming\npm-cache\_locks\staging-c5e2a58e71f763a6.lock for F:\mac\workstation\practice\shorten_my_link\node_modules\.staging
37 silly doParallel extract 0
38 silly doParallel preinstall 0
39 silly doReverseSerial remove 1
40 silly remove F:\mac\workstation\practice\shorten_my_link\node_modules\react-addons-pure-render-mixin
41 verbose unbuild node_modules\react-addons-pure-render-mixin
42 info lifecycle react-addons-pure-render-mixin@15.6.2~preuninstall: react-addons-pure-render-mixin@15.6.2
43 silly lifecycle react-addons-pure-render-mixin@15.6.2~preuninstall: no script for preuninstall, continuing
44 info lifecycle react-addons-pure-render-mixin@15.6.2~uninstall: react-addons-pure-render-mixin@15.6.2
45 silly lifecycle react-addons-pure-render-mixin@15.6.2~uninstall: no script for uninstall, continuing
46 verbose unbuild rmStuff react-addons-pure-render-mixin@15.6.2 from F:\mac\workstation\practice\shorten_my_link\node_modules
47 info lifecycle react-addons-pure-render-mixin@15.6.2~postuninstall: react-addons-pure-render-mixin@15.6.2
48 silly lifecycle react-addons-pure-render-mixin@15.6.2~postuninstall: no script for postuninstall, continuing
49 silly gentlyRm F:\mac\workstation\practice\shorten_my_link\node_modules\react-addons-pure-render-mixin is being purged from base F:\mac\workstation\practice\shorten_my_link
50 verbose gentlyRm don't care about contents; nuking F:\mac\workstation\practice\shorten_my_link\node_modules\react-addons-pure-render-mixin
51 silly vacuum-fs purging F:\mac\workstation\practice\shorten_my_link\node_modules\react-addons-pure-render-mixin
52 silly vacuum-fs quitting because other entries in F:\mac\workstation\practice\shorten_my_link\node_modules
53 verbose unlock done using C:\Users\Princ\AppData\Roaming\npm-cache\_locks\staging-c5e2a58e71f763a6.lock for F:\mac\workstation\practice\shorten_my_link\node_modules\.staging
54 silly rollbackFailedOptional Starting
55 silly rollbackFailedOptional Finishing
56 silly runTopLevelLifecycles Finishing
57 silly install printInstalled
58 warn react-meteor-data@0.2.11 requires a peer of create-react-class@15.5.1 but none was installed.
59 verbose If you need help, you may report this error at:
59 verbose     <https://github.com/npm/npm/issues>
60 warn react-meteor-data@0.2.11 requires a peer of react@^0.14.0 || ^15.0.0 but none was installed.
61 verbose If you need help, you may report this error at:
61 verbose     <https://github.com/npm/npm/issues>
62 warn react-meteor-data@0.2.11 requires a peer of react-addons-pure-render-mixin@^0.14.0 || ^15.0.0 but none was installed.
63 verbose If you need help, you may report this error at:
63 verbose     <https://github.com/npm/npm/issues>
64 verbose stack Error: EPERM: operation not permitted, unlink 'F:\mac\workstation\practice\shorten_my_link\node_modules\react-addons-pure-render-mixin'
64 verbose stack     at Error (native)
65 verbose cwd F:\mac\workstation\practice\shorten_my_link
66 error Windows_NT 10.0.16299
67 error argv "C:\\Program Files\\nodejs\\node.exe" "C:\\Program Files\\nodejs\\node_modules\\npm\\bin\\npm-cli.js" "uninstall" "react-addons-pure-render-mixin"
68 error node v6.11.1
69 error npm  v3.10.10
70 error path F:\mac\workstation\practice\shorten_my_link\node_modules\react-addons-pure-render-mixin
71 error code EPERM
72 error errno -4048
73 error syscall unlink
74 error Error: EPERM: operation not permitted, unlink 'F:\mac\workstation\practice\shorten_my_link\node_modules\react-addons-pure-render-mixin'
74 error     at Error (native)
74 error  { Error: EPERM: operation not permitted, unlink 'F:\mac\workstation\practice\shorten_my_link\node_modules\react-addons-pure-render-mixin'
74 error     at Error (native)
74 error   errno: -4048,
74 error   code: 'EPERM',
74 error   syscall: 'unlink',
74 error   path: 'F:\\mac\\workstation\\practice\\shorten_my_link\\node_modules\\react-addons-pure-render-mixin',
74 error   parent: 'shorten_my_link' }
75 error Please try running this command again as root/Administrator.
76 verbose exit [ -4048, true ]
